<?xml version="1.0" encoding="UTF-8"?>
<!-- Generated by org.testng.reporters.JUnitReportReporter -->
<testsuite hostname="PRAKASH" failures="0" tests="1" name="com.crm.comcast.SDET32__GitPrac.classA" time="0.012" errors="0" timestamp="2022-04-12T12:31:52 IST" skipped="0">
  <testcase classname="com.crm.comcast.SDET32__GitPrac.classA" name="prac" time="0.012"/>
  <system-out/>
</testsuite> <!-- com.crm.comcast.SDET32__GitPrac.classA -->
